
> frontend@0.0.0 dev
> vite

You are using Node.js 20.17.0. Vite requires Node.js version 20.19+ or 22.12+. Please upgrade your Node.js version.

  VITE v7.1.10  ready in 149 ms

  ➜  Local:   http://localhost:5173/
  ➜  Network: use --host to expose
10:32:14 PM [vite] (client) hmr update /src/components/Timer.jsx, /src/index.css
10:32:43 PM [vite] (client) hmr update /src/components/Timer.jsx, /src/index.css
10:33:44 PM [vite] (client) hmr update /src/components/Timer.jsx, /src/index.css
10:33:54 PM [vite] (client) hmr update /src/components/Timer.jsx, /src/index.css
10:34:09 PM [vite] (client) hmr update /src/components/Timer.jsx, /src/index.css
10:34:30 PM [vite] (client) hmr update /src/components/Timer.jsx, /src/index.css
10:34:55 PM [vite] (client) hmr update /src/components/Timer.jsx, /src/index.css
11:07:29 PM [vite] (client) hmr update /src/App.jsx, /src/index.css
11:44:12 PM [vite] (client) hmr update /src/App.jsx, /src/index.css
11:45:27 PM [vite] (client) hmr update /src/App.jsx, /src/index.css
1:41:45 AM [vite] (client) hmr update /src/App.jsx, /src/components/Analytics.jsx, /src/index.css
1:41:56 AM [vite] (client) hmr update /src/App.jsx, /src/index.css
1:42:06 AM [vite] (client) hmr update /src/components/EndDayDialog.jsx, /src/index.css
1:42:20 AM [vite] (client) hmr update /src/App.jsx, /src/index.css
1:42:33 AM [vite] (client) hmr update /src/App.jsx, /src/index.css
1:42:45 AM [vite] (client) hmr update /src/App.jsx, /src/index.css
1:42:55 AM [vite] (client) hmr update /src/components/EndDayDialog.jsx, /src/index.css
1:43:02 AM [vite] (client) hmr update /src/components/EndDayDialog.jsx, /src/index.css
1:43:17 AM [vite] (client) hmr update /src/components/EndDayDialog.jsx, /src/index.css
1:43:31 AM [vite] (client) hmr update /src/components/EndDayDialog.jsx, /src/index.css
1:51:54 AM [vite] (client) hmr update /src/App.jsx, /src/index.css
1:52:02 AM [vite] (client) hmr update /src/components/Timer.jsx, /src/index.css
1:52:27 AM [vite] (client) hmr update /src/components/Timer.jsx, /src/index.css
1:52:37 AM [vite] (client) hmr update /src/components/TaskList.jsx, /src/index.css
1:52:48 AM [vite] (client) hmr update /src/components/TaskList.jsx, /src/index.css
1:52:55 AM [vite] (client) hmr update /src/components/TaskList.jsx, /src/index.css
1:53:14 AM [vite] (client) hmr update /src/components/TaskList.jsx, /src/index.css
1:53:22 AM [vite] (client) hmr update /src/components/TaskList.jsx, /src/index.css
1:53:33 AM [vite] (client) hmr update /src/components/TaskList.jsx, /src/index.css
1:53:48 AM [vite] (client) hmr update /src/App.jsx, /src/index.css
1:54:07 AM [vite] (client) hmr update /src/components/Timer.jsx, /src/index.css
